<?xml version="1.0" encoding="UTF-8"?>
<!-- Generated by org.testng.reporters.JUnitXMLReporter -->
<testsuite hostname="krishnas-Air" ignored="2" name="Default test" tests="2" failures="0" timestamp="19 Jun 2019 09:10:56 GMT" time="39.713" errors="0">
  <testcase name="verifyNewContactTest" time="3.385" classname="com.crm.qa.testcases.ContactsPageTest"/>
  <testcase name="verifyNewContactTest" time="2.767" classname="com.crm.qa.testcases.ContactsPageTest"/>
  <testcase name="verifyContactTest" time="0.0" classname="com.crm.qa.testcases.ContactsPageTest">
    <ignored/>
  </testcase> <!-- verifyContactTest -->
  <testcase name="verifyNewContactPageTest" time="0.0" classname="com.crm.qa.testcases.ContactsPageTest">
    <ignored/>
  </testcase> <!-- verifyNewContactPageTest -->
</testsuite> <!-- Default test -->
