<?xml version="1.0" encoding="UTF-8"?>
<!-- Generated by org.testng.reporters.JUnitXMLReporter -->
<testsuite hostname="krishnas-Air" ignored="1" name="testngTest" tests="7" failures="0" timestamp="21 Jun 2019 01:22:40 GMT" time="78.692" errors="0">
  <testcase name="loginPageTileTest" time="0.02" classname="com.crm.qa.testcases.LoginPageTest"/>
  <testcase name="verifyHomePage" time="1.959" classname="com.crm.qa.testcases.HomePageTest"/>
  <testcase name="verifyContactTest" time="0.081" classname="com.crm.qa.testcases.ContactsPageTest"/>
  <testcase name="loginTest" time="0.595" classname="com.crm.qa.testcases.LoginPageTest"/>
  <testcase name="verifyNewContactPageTest" time="0.235" classname="com.crm.qa.testcases.ContactsPageTest"/>
  <testcase name="verifyNewContactTest" time="3.407" classname="com.crm.qa.testcases.ContactsPageTest"/>
  <testcase name="verifyNewContactTest" time="3.471" classname="com.crm.qa.testcases.ContactsPageTest"/>
  <testcase name="verifyContactPage" time="0.0" classname="com.crm.qa.testcases.HomePageTest">
    <ignored/>
  </testcase> <!-- verifyContactPage -->
</testsuite> <!-- testngTest -->
