<?xml version="1.0" encoding="UTF-8"?>
<!-- Generated by org.testng.reporters.JUnitXMLReporter -->
<testsuite hostname="krishnas-Air" ignored="1" name="testngTest" tests="7" failures="0" timestamp="20 Jun 2019 03:52:36 GMT" time="129.849" errors="0">
  <testcase name="loginPageTileTest" time="0.029" classname="com.crm.qa.testcases.LoginPageTest"/>
  <testcase name="verifyHomePage" time="1.234" classname="com.crm.qa.testcases.HomePageTest"/>
  <testcase name="verifyContactTest" time="0.125" classname="com.crm.qa.testcases.ContactsPageTest"/>
  <testcase name="loginTest" time="0.499" classname="com.crm.qa.testcases.LoginPageTest"/>
  <testcase name="verifyNewContactPageTest" time="5.414" classname="com.crm.qa.testcases.ContactsPageTest"/>
  <testcase name="verifyNewContactTest" time="3.328" classname="com.crm.qa.testcases.ContactsPageTest"/>
  <testcase name="verifyNewContactTest" time="3.356" classname="com.crm.qa.testcases.ContactsPageTest"/>
  <testcase name="verifyContactPage" time="0.0" classname="com.crm.qa.testcases.HomePageTest">
    <ignored/>
  </testcase> <!-- verifyContactPage -->
</testsuite> <!-- testngTest -->
