<?xml version="1.0" encoding="UTF-8"?>
<testng-results skipped="0" failed="0" ignored="1" total="8" passed="7">
  <reporter-output>
  </reporter-output>
  <suite name="Free CRM Application Test Suite" duration-ms="78692" started-at="2019-06-21T01:21:22Z" finished-at="2019-06-21T01:22:40Z">
    <groups>
    </groups>
    <test name="testngTest" duration-ms="78692" started-at="2019-06-21T01:21:22Z" finished-at="2019-06-21T01:22:40Z">
      <class name="com.crm.qa.testcases.HomePageTest">
        <test-method status="PASS" signature="setUp()[pri:0, instance:com.crm.qa.testcases.HomePageTest@39c0f4a]" name="setUp" is-config="true" duration-ms="8168" started-at="2019-06-21T01:21:36Z" finished-at="2019-06-21T01:21:44Z">
          <reporter-output>
          </reporter-output>
        </test-method> <!-- setUp -->
        <test-method status="PASS" signature="verifyHomePage()[pri:0, instance:com.crm.qa.testcases.HomePageTest@39c0f4a]" name="verifyHomePage" duration-ms="1959" started-at="2019-06-21T01:21:44Z" finished-at="2019-06-21T01:21:46Z">
          <reporter-output>
          </reporter-output>
        </test-method> <!-- verifyHomePage -->
        <test-method status="PASS" signature="tearDown()[pri:0, instance:com.crm.qa.testcases.HomePageTest@39c0f4a]" name="tearDown" is-config="true" duration-ms="208" started-at="2019-06-21T01:21:46Z" finished-at="2019-06-21T01:21:46Z">
          <reporter-output>
          </reporter-output>
        </test-method> <!-- tearDown -->
      </class> <!-- com.crm.qa.testcases.HomePageTest -->
      <class name="com.crm.qa.testcases.ContactsPageTest">
        <test-method status="PASS" signature="setUp()[pri:0, instance:com.crm.qa.testcases.ContactsPageTest@1794d431]" name="setUp" is-config="true" duration-ms="9512" started-at="2019-06-21T01:21:46Z" finished-at="2019-06-21T01:21:56Z">
          <reporter-output>
          </reporter-output>
        </test-method> <!-- setUp -->
        <test-method status="PASS" signature="verifyContactTest()[pri:0, instance:com.crm.qa.testcases.ContactsPageTest@1794d431]" name="verifyContactTest" duration-ms="81" started-at="2019-06-21T01:21:56Z" finished-at="2019-06-21T01:21:56Z">
          <reporter-output>
          </reporter-output>
        </test-method> <!-- verifyContactTest -->
        <test-method status="PASS" signature="tearDown()[pri:0, instance:com.crm.qa.testcases.ContactsPageTest@1794d431]" name="tearDown" is-config="true" duration-ms="183" started-at="2019-06-21T01:21:56Z" finished-at="2019-06-21T01:21:56Z">
          <reporter-output>
          </reporter-output>
        </test-method> <!-- tearDown -->
        <test-method status="PASS" signature="setUp()[pri:0, instance:com.crm.qa.testcases.ContactsPageTest@1794d431]" name="setUp" is-config="true" duration-ms="9484" started-at="2019-06-21T01:22:04Z" finished-at="2019-06-21T01:22:14Z">
          <reporter-output>
          </reporter-output>
        </test-method> <!-- setUp -->
        <test-method status="PASS" signature="verifyNewContactPageTest()[pri:1, instance:com.crm.qa.testcases.ContactsPageTest@1794d431]" name="verifyNewContactPageTest" duration-ms="235" started-at="2019-06-21T01:22:14Z" finished-at="2019-06-21T01:22:14Z">
          <reporter-output>
          </reporter-output>
        </test-method> <!-- verifyNewContactPageTest -->
        <test-method status="PASS" signature="tearDown()[pri:0, instance:com.crm.qa.testcases.ContactsPageTest@1794d431]" name="tearDown" is-config="true" duration-ms="120" started-at="2019-06-21T01:22:14Z" finished-at="2019-06-21T01:22:14Z">
          <reporter-output>
          </reporter-output>
        </test-method> <!-- tearDown -->
        <test-method status="PASS" signature="setUp()[pri:0, instance:com.crm.qa.testcases.ContactsPageTest@1794d431]" name="setUp" is-config="true" duration-ms="8981" started-at="2019-06-21T01:22:16Z" finished-at="2019-06-21T01:22:25Z">
          <reporter-output>
          </reporter-output>
        </test-method> <!-- setUp -->
        <test-method status="PASS" signature="verifyNewContactTest(java.lang.String, java.lang.String, java.lang.String, java.lang.String, java.lang.String)[pri:2, instance:com.crm.qa.testcases.ContactsPageTest@1794d431]" name="verifyNewContactTest" duration-ms="3407" started-at="2019-06-21T01:22:25Z" data-provider="getData" finished-at="2019-06-21T01:22:28Z">
          <params>
            <param index="0">
              <value>
                <![CDATA[Priti]]>
              </value>
            </param>
            <param index="1">
              <value>
                <![CDATA[Dwibedi]]>
              </value>
            </param>
            <param index="2">
              <value>
                <![CDATA[CTS]]>
              </value>
            </param>
            <param index="3">
              <value>
                <![CDATA[LinkedIn]]>
              </value>
            </param>
            <param index="4">
              <value>
                <![CDATA[Priti Test]]>
              </value>
            </param>
          </params>
          <reporter-output>
          </reporter-output>
        </test-method> <!-- verifyNewContactTest -->
        <test-method status="PASS" signature="tearDown()[pri:0, instance:com.crm.qa.testcases.ContactsPageTest@1794d431]" name="tearDown" is-config="true" duration-ms="155" started-at="2019-06-21T01:22:28Z" finished-at="2019-06-21T01:22:28Z">
          <reporter-output>
          </reporter-output>
        </test-method> <!-- tearDown -->
        <test-method status="PASS" signature="setUp()[pri:0, instance:com.crm.qa.testcases.ContactsPageTest@1794d431]" name="setUp" is-config="true" duration-ms="8714" started-at="2019-06-21T01:22:28Z" finished-at="2019-06-21T01:22:37Z">
          <reporter-output>
          </reporter-output>
        </test-method> <!-- setUp -->
        <test-method status="PASS" signature="verifyNewContactTest(java.lang.String, java.lang.String, java.lang.String, java.lang.String, java.lang.String)[pri:2, instance:com.crm.qa.testcases.ContactsPageTest@1794d431]" name="verifyNewContactTest" duration-ms="3471" started-at="2019-06-21T01:22:37Z" data-provider="getData" finished-at="2019-06-21T01:22:40Z">
          <params>
            <param index="0">
              <value>
                <![CDATA[Krishna ]]>
              </value>
            </param>
            <param index="1">
              <value>
                <![CDATA[Pathak]]>
              </value>
            </param>
            <param index="2">
              <value>
                <![CDATA[Bbliss]]>
              </value>
            </param>
            <param index="3">
              <value>
                <![CDATA[Facebook]]>
              </value>
            </param>
            <param index="4">
              <value>
                <![CDATA[Krishna Test]]>
              </value>
            </param>
          </params>
          <reporter-output>
          </reporter-output>
        </test-method> <!-- verifyNewContactTest -->
        <test-method status="PASS" signature="tearDown()[pri:0, instance:com.crm.qa.testcases.ContactsPageTest@1794d431]" name="tearDown" is-config="true" duration-ms="123" started-at="2019-06-21T01:22:40Z" finished-at="2019-06-21T01:22:40Z">
          <reporter-output>
          </reporter-output>
        </test-method> <!-- tearDown -->
      </class> <!-- com.crm.qa.testcases.ContactsPageTest -->
      <class name="com.crm.qa.testcases.LoginPageTest">
        <test-method status="PASS" signature="setup()[pri:0, instance:com.crm.qa.testcases.LoginPageTest@7d9d1a19]" name="setup" is-config="true" duration-ms="13913" started-at="2019-06-21T01:21:22Z" finished-at="2019-06-21T01:21:36Z">
          <reporter-output>
          </reporter-output>
        </test-method> <!-- setup -->
        <test-method status="PASS" signature="loginPageTileTest()[pri:0, instance:com.crm.qa.testcases.LoginPageTest@7d9d1a19]" name="loginPageTileTest" duration-ms="20" started-at="2019-06-21T01:21:36Z" finished-at="2019-06-21T01:21:36Z">
          <reporter-output>
          </reporter-output>
        </test-method> <!-- loginPageTileTest -->
        <test-method status="PASS" signature="tearDown()[pri:0, instance:com.crm.qa.testcases.LoginPageTest@7d9d1a19]" name="tearDown" is-config="true" duration-ms="120" started-at="2019-06-21T01:21:36Z" finished-at="2019-06-21T01:21:36Z">
          <reporter-output>
          </reporter-output>
        </test-method> <!-- tearDown -->
        <test-method status="PASS" signature="setup()[pri:0, instance:com.crm.qa.testcases.LoginPageTest@7d9d1a19]" name="setup" is-config="true" duration-ms="7339" started-at="2019-06-21T01:21:56Z" finished-at="2019-06-21T01:22:03Z">
          <reporter-output>
          </reporter-output>
        </test-method> <!-- setup -->
        <test-method status="PASS" signature="loginTest()[pri:1, instance:com.crm.qa.testcases.LoginPageTest@7d9d1a19]" name="loginTest" duration-ms="595" started-at="2019-06-21T01:22:03Z" finished-at="2019-06-21T01:22:04Z">
          <reporter-output>
          </reporter-output>
        </test-method> <!-- loginTest -->
        <test-method status="PASS" signature="tearDown()[pri:0, instance:com.crm.qa.testcases.LoginPageTest@7d9d1a19]" name="tearDown" is-config="true" duration-ms="120" started-at="2019-06-21T01:22:04Z" finished-at="2019-06-21T01:22:04Z">
          <reporter-output>
          </reporter-output>
        </test-method> <!-- tearDown -->
      </class> <!-- com.crm.qa.testcases.LoginPageTest -->
    </test> <!-- testngTest -->
  </suite> <!-- Free CRM Application Test Suite -->
</testng-results>
